2023-06-15 23:29:40,864:WARNING:
'cuml' is a soft dependency and not included in the pycaret installation. Please run: `pip install cuml` to install.
2023-06-15 23:29:40,864:WARNING:
'cuml' is a soft dependency and not included in the pycaret installation. Please run: `pip install cuml` to install.
2023-06-15 23:29:40,864:WARNING:
'cuml' is a soft dependency and not included in the pycaret installation. Please run: `pip install cuml` to install.
2023-06-15 23:29:40,864:WARNING:
'cuml' is a soft dependency and not included in the pycaret installation. Please run: `pip install cuml` to install.
2023-06-15 23:29:41,708:WARNING:
'prophet' is a soft dependency and not included in the pycaret installation. Please run: `pip install prophet` to install.
2023-06-15 23:29:42,996:INFO:Initializing load_model()
2023-06-15 23:29:42,996:INFO:load_model(model_name=insurance_model, platform=None, authentication=None, verbose=True)
2023-06-15 23:29:43,024:WARNING:C:\Users\chand\OneDrive\Desktop\Web app\venv\Lib\site-packages\pycaret\internal\pipeline.py:135: UserWarning: Version mismatch:
current: {'deps_info': {'pip': '22.3.1', 'setuptools': '65.5.1', 'pycaret': '3.0.0rc9', 'IPython': '8.14.0', 'ipywidgets': '8.0.6', 'tqdm': '4.65.0', 'numpy': '1.24.3', 'pandas': '1.5.3', 'jinja2': '3.1.2', 'scipy': '1.10.1', 'joblib': '1.2.0', 'sklearn': '1.2.2', 'pyod': '1.0.9', 'imblearn': '0.10.1', 'category_encoders': '2.6.1', 'lightgbm': '3.3.5', 'numba': '0.57.0', 'requests': '2.31.0', 'matplotlib': '3.7.1', 'scikitplot': '0.3.7', 'yellowbrick': '1.5', 'plotly': '5.15.0', 'kaleido': '0.2.1', 'statsmodels': '0.14.0', 'sktime': '0.19.1', 'tbats': '1.1.3', 'pmdarima': '2.0.3', 'psutil': '5.9.5'}, 'python': {'version': '3.11.3', 'machine': 'AMD64'}}
pickle: {'deps_info': {'pip': '23.1.2', 'setuptools': '67.7.2', 'pycaret': '3.0.2', 'IPython': '7.34.0', 'ipywidgets': '7.7.1', 'tqdm': '4.65.0', 'numpy': '1.22.4', 'pandas': '1.5.3', 'jinja2': '3.1.2', 'scipy': '1.10.1', 'joblib': '1.2.0', 'sklearn': '1.2.2', 'pyod': '1.0.9', 'imblearn': '0.10.1', 'category_encoders': '2.6.1', 'lightgbm': '3.3.5', 'numba': '0.56.4', 'requests': '2.27.1', 'matplotlib': '3.7.1', 'scikitplot': '0.3.7', 'yellowbrick': '1.5', 'plotly': '5.13.1', 'kaleido': '0.2.1', 'statsmodels': '0.13.5', 'sktime': '0.17.0', 'tbats': '1.1.3', 'pmdarima': '2.0.3', 'psutil': '5.9.5'}, 'python': {'version': '3.10.12', 'machine': 'x86_64'}}
  warnings.warn(

2023-06-15 23:31:18,646:WARNING:
'cuml' is a soft dependency and not included in the pycaret installation. Please run: `pip install cuml` to install.
2023-06-15 23:31:18,646:WARNING:
'cuml' is a soft dependency and not included in the pycaret installation. Please run: `pip install cuml` to install.
2023-06-15 23:31:18,646:WARNING:
'cuml' is a soft dependency and not included in the pycaret installation. Please run: `pip install cuml` to install.
2023-06-15 23:31:18,646:WARNING:
'cuml' is a soft dependency and not included in the pycaret installation. Please run: `pip install cuml` to install.
2023-06-15 23:31:19,412:WARNING:
'prophet' is a soft dependency and not included in the pycaret installation. Please run: `pip install prophet` to install.
2023-06-15 23:31:20,957:INFO:Initializing load_model()
2023-06-15 23:31:20,957:INFO:load_model(model_name=insurance_model, platform=None, authentication=None, verbose=True)
2023-06-15 23:31:20,971:WARNING:C:\Users\chand\OneDrive\Desktop\Web app\venv\Lib\site-packages\pycaret\internal\pipeline.py:135: UserWarning: Version mismatch:
current: {'deps_info': {'pip': '22.3.1', 'setuptools': '65.5.1', 'pycaret': '3.0.0rc9', 'IPython': '8.14.0', 'ipywidgets': '8.0.6', 'tqdm': '4.65.0', 'numpy': '1.24.3', 'pandas': '1.5.3', 'jinja2': '3.1.2', 'scipy': '1.10.1', 'joblib': '1.2.0', 'sklearn': '1.2.2', 'pyod': '1.0.9', 'imblearn': '0.10.1', 'category_encoders': '2.6.1', 'lightgbm': '3.3.5', 'numba': '0.57.0', 'requests': '2.31.0', 'matplotlib': '3.7.1', 'scikitplot': '0.3.7', 'yellowbrick': '1.5', 'plotly': '5.15.0', 'kaleido': '0.2.1', 'statsmodels': '0.14.0', 'sktime': '0.19.1', 'tbats': '1.1.3', 'pmdarima': '2.0.3', 'psutil': '5.9.5'}, 'python': {'version': '3.11.3', 'machine': 'AMD64'}}
pickle: {'deps_info': {'pip': '23.1.2', 'setuptools': '67.7.2', 'pycaret': '3.0.2', 'IPython': '7.34.0', 'ipywidgets': '7.7.1', 'tqdm': '4.65.0', 'numpy': '1.22.4', 'pandas': '1.5.3', 'jinja2': '3.1.2', 'scipy': '1.10.1', 'joblib': '1.2.0', 'sklearn': '1.2.2', 'pyod': '1.0.9', 'imblearn': '0.10.1', 'category_encoders': '2.6.1', 'lightgbm': '3.3.5', 'numba': '0.56.4', 'requests': '2.27.1', 'matplotlib': '3.7.1', 'scikitplot': '0.3.7', 'yellowbrick': '1.5', 'plotly': '5.13.1', 'kaleido': '0.2.1', 'statsmodels': '0.13.5', 'sktime': '0.17.0', 'tbats': '1.1.3', 'pmdarima': '2.0.3', 'psutil': '5.9.5'}, 'python': {'version': '3.10.12', 'machine': 'x86_64'}}
  warnings.warn(

2023-06-15 23:32:21,398:WARNING:
'cuml' is a soft dependency and not included in the pycaret installation. Please run: `pip install cuml` to install.
2023-06-15 23:32:21,398:WARNING:
'cuml' is a soft dependency and not included in the pycaret installation. Please run: `pip install cuml` to install.
2023-06-15 23:32:21,398:WARNING:
'cuml' is a soft dependency and not included in the pycaret installation. Please run: `pip install cuml` to install.
2023-06-15 23:32:21,398:WARNING:
'cuml' is a soft dependency and not included in the pycaret installation. Please run: `pip install cuml` to install.
2023-06-15 23:32:22,049:WARNING:
'prophet' is a soft dependency and not included in the pycaret installation. Please run: `pip install prophet` to install.
2023-06-15 23:32:22,664:INFO:Initializing load_model()
2023-06-15 23:32:22,664:INFO:load_model(model_name=insurance_model, platform=None, authentication=None, verbose=True)
2023-06-15 23:32:22,671:WARNING:C:\Users\chand\OneDrive\Desktop\Web app\venv\Lib\site-packages\pycaret\internal\pipeline.py:135: UserWarning: Version mismatch:
current: {'deps_info': {'pip': '22.3.1', 'setuptools': '65.5.1', 'pycaret': '3.0.0rc9', 'IPython': '8.14.0', 'ipywidgets': '8.0.6', 'tqdm': '4.65.0', 'numpy': '1.24.3', 'pandas': '1.5.3', 'jinja2': '3.1.2', 'scipy': '1.10.1', 'joblib': '1.2.0', 'sklearn': '1.2.2', 'pyod': '1.0.9', 'imblearn': '0.10.1', 'category_encoders': '2.6.1', 'lightgbm': '3.3.5', 'numba': '0.57.0', 'requests': '2.31.0', 'matplotlib': '3.7.1', 'scikitplot': '0.3.7', 'yellowbrick': '1.5', 'plotly': '5.15.0', 'kaleido': '0.2.1', 'statsmodels': '0.14.0', 'sktime': '0.19.1', 'tbats': '1.1.3', 'pmdarima': '2.0.3', 'psutil': '5.9.5'}, 'python': {'version': '3.11.3', 'machine': 'AMD64'}}
pickle: {'deps_info': {'pip': '23.1.2', 'setuptools': '67.7.2', 'pycaret': '3.0.2', 'IPython': '7.34.0', 'ipywidgets': '7.7.1', 'tqdm': '4.65.0', 'numpy': '1.22.4', 'pandas': '1.5.3', 'jinja2': '3.1.2', 'scipy': '1.10.1', 'joblib': '1.2.0', 'sklearn': '1.2.2', 'pyod': '1.0.9', 'imblearn': '0.10.1', 'category_encoders': '2.6.1', 'lightgbm': '3.3.5', 'numba': '0.56.4', 'requests': '2.27.1', 'matplotlib': '3.7.1', 'scikitplot': '0.3.7', 'yellowbrick': '1.5', 'plotly': '5.13.1', 'kaleido': '0.2.1', 'statsmodels': '0.13.5', 'sktime': '0.17.0', 'tbats': '1.1.3', 'pmdarima': '2.0.3', 'psutil': '5.9.5'}, 'python': {'version': '3.10.12', 'machine': 'x86_64'}}
  warnings.warn(

2023-06-15 23:32:55,922:INFO:Initializing load_model()
2023-06-15 23:32:55,922:INFO:load_model(model_name=insurance_model, platform=None, authentication=None, verbose=True)
2023-06-15 23:32:55,942:WARNING:C:\Users\chand\OneDrive\Desktop\Web app\venv\Lib\site-packages\pycaret\internal\pipeline.py:135: UserWarning: Version mismatch:
current: {'deps_info': {'pip': '22.3.1', 'setuptools': '65.5.1', 'pycaret': '3.0.0rc9', 'IPython': '8.14.0', 'ipywidgets': '8.0.6', 'tqdm': '4.65.0', 'numpy': '1.24.3', 'pandas': '1.5.3', 'jinja2': '3.1.2', 'scipy': '1.10.1', 'joblib': '1.2.0', 'sklearn': '1.2.2', 'pyod': '1.0.9', 'imblearn': '0.10.1', 'category_encoders': '2.6.1', 'lightgbm': '3.3.5', 'numba': '0.57.0', 'requests': '2.31.0', 'matplotlib': '3.7.1', 'scikitplot': '0.3.7', 'yellowbrick': '1.5', 'plotly': '5.15.0', 'kaleido': '0.2.1', 'statsmodels': '0.14.0', 'sktime': '0.19.1', 'tbats': '1.1.3', 'pmdarima': '2.0.3', 'psutil': '5.9.5'}, 'python': {'version': '3.11.3', 'machine': 'AMD64'}}
pickle: {'deps_info': {'pip': '23.1.2', 'setuptools': '67.7.2', 'pycaret': '3.0.2', 'IPython': '7.34.0', 'ipywidgets': '7.7.1', 'tqdm': '4.65.0', 'numpy': '1.22.4', 'pandas': '1.5.3', 'jinja2': '3.1.2', 'scipy': '1.10.1', 'joblib': '1.2.0', 'sklearn': '1.2.2', 'pyod': '1.0.9', 'imblearn': '0.10.1', 'category_encoders': '2.6.1', 'lightgbm': '3.3.5', 'numba': '0.56.4', 'requests': '2.27.1', 'matplotlib': '3.7.1', 'scikitplot': '0.3.7', 'yellowbrick': '1.5', 'plotly': '5.13.1', 'kaleido': '0.2.1', 'statsmodels': '0.13.5', 'sktime': '0.17.0', 'tbats': '1.1.3', 'pmdarima': '2.0.3', 'psutil': '5.9.5'}, 'python': {'version': '3.10.12', 'machine': 'x86_64'}}
  warnings.warn(

2023-06-15 23:32:58,014:INFO:Initializing load_model()
2023-06-15 23:32:58,014:INFO:load_model(model_name=insurance_model, platform=None, authentication=None, verbose=True)
2023-06-15 23:32:58,029:WARNING:C:\Users\chand\OneDrive\Desktop\Web app\venv\Lib\site-packages\pycaret\internal\pipeline.py:135: UserWarning: Version mismatch:
current: {'deps_info': {'pip': '22.3.1', 'setuptools': '65.5.1', 'pycaret': '3.0.0rc9', 'IPython': '8.14.0', 'ipywidgets': '8.0.6', 'tqdm': '4.65.0', 'numpy': '1.24.3', 'pandas': '1.5.3', 'jinja2': '3.1.2', 'scipy': '1.10.1', 'joblib': '1.2.0', 'sklearn': '1.2.2', 'pyod': '1.0.9', 'imblearn': '0.10.1', 'category_encoders': '2.6.1', 'lightgbm': '3.3.5', 'numba': '0.57.0', 'requests': '2.31.0', 'matplotlib': '3.7.1', 'scikitplot': '0.3.7', 'yellowbrick': '1.5', 'plotly': '5.15.0', 'kaleido': '0.2.1', 'statsmodels': '0.14.0', 'sktime': '0.19.1', 'tbats': '1.1.3', 'pmdarima': '2.0.3', 'psutil': '5.9.5'}, 'python': {'version': '3.11.3', 'machine': 'AMD64'}}
pickle: {'deps_info': {'pip': '23.1.2', 'setuptools': '67.7.2', 'pycaret': '3.0.2', 'IPython': '7.34.0', 'ipywidgets': '7.7.1', 'tqdm': '4.65.0', 'numpy': '1.22.4', 'pandas': '1.5.3', 'jinja2': '3.1.2', 'scipy': '1.10.1', 'joblib': '1.2.0', 'sklearn': '1.2.2', 'pyod': '1.0.9', 'imblearn': '0.10.1', 'category_encoders': '2.6.1', 'lightgbm': '3.3.5', 'numba': '0.56.4', 'requests': '2.27.1', 'matplotlib': '3.7.1', 'scikitplot': '0.3.7', 'yellowbrick': '1.5', 'plotly': '5.13.1', 'kaleido': '0.2.1', 'statsmodels': '0.13.5', 'sktime': '0.17.0', 'tbats': '1.1.3', 'pmdarima': '2.0.3', 'psutil': '5.9.5'}, 'python': {'version': '3.10.12', 'machine': 'x86_64'}}
  warnings.warn(

2023-06-15 23:33:02,890:INFO:Initializing load_model()
2023-06-15 23:33:02,890:INFO:load_model(model_name=insurance_model, platform=None, authentication=None, verbose=True)
2023-06-15 23:33:02,921:WARNING:C:\Users\chand\OneDrive\Desktop\Web app\venv\Lib\site-packages\pycaret\internal\pipeline.py:135: UserWarning: Version mismatch:
current: {'deps_info': {'pip': '22.3.1', 'setuptools': '65.5.1', 'pycaret': '3.0.0rc9', 'IPython': '8.14.0', 'ipywidgets': '8.0.6', 'tqdm': '4.65.0', 'numpy': '1.24.3', 'pandas': '1.5.3', 'jinja2': '3.1.2', 'scipy': '1.10.1', 'joblib': '1.2.0', 'sklearn': '1.2.2', 'pyod': '1.0.9', 'imblearn': '0.10.1', 'category_encoders': '2.6.1', 'lightgbm': '3.3.5', 'numba': '0.57.0', 'requests': '2.31.0', 'matplotlib': '3.7.1', 'scikitplot': '0.3.7', 'yellowbrick': '1.5', 'plotly': '5.15.0', 'kaleido': '0.2.1', 'statsmodels': '0.14.0', 'sktime': '0.19.1', 'tbats': '1.1.3', 'pmdarima': '2.0.3', 'psutil': '5.9.5'}, 'python': {'version': '3.11.3', 'machine': 'AMD64'}}
pickle: {'deps_info': {'pip': '23.1.2', 'setuptools': '67.7.2', 'pycaret': '3.0.2', 'IPython': '7.34.0', 'ipywidgets': '7.7.1', 'tqdm': '4.65.0', 'numpy': '1.22.4', 'pandas': '1.5.3', 'jinja2': '3.1.2', 'scipy': '1.10.1', 'joblib': '1.2.0', 'sklearn': '1.2.2', 'pyod': '1.0.9', 'imblearn': '0.10.1', 'category_encoders': '2.6.1', 'lightgbm': '3.3.5', 'numba': '0.56.4', 'requests': '2.27.1', 'matplotlib': '3.7.1', 'scikitplot': '0.3.7', 'yellowbrick': '1.5', 'plotly': '5.13.1', 'kaleido': '0.2.1', 'statsmodels': '0.13.5', 'sktime': '0.17.0', 'tbats': '1.1.3', 'pmdarima': '2.0.3', 'psutil': '5.9.5'}, 'python': {'version': '3.10.12', 'machine': 'x86_64'}}
  warnings.warn(

2023-06-15 23:33:03,328:INFO:Initializing load_model()
2023-06-15 23:33:03,328:INFO:load_model(model_name=insurance_model, platform=None, authentication=None, verbose=True)
2023-06-15 23:33:03,359:WARNING:C:\Users\chand\OneDrive\Desktop\Web app\venv\Lib\site-packages\pycaret\internal\pipeline.py:135: UserWarning: Version mismatch:
current: {'deps_info': {'pip': '22.3.1', 'setuptools': '65.5.1', 'pycaret': '3.0.0rc9', 'IPython': '8.14.0', 'ipywidgets': '8.0.6', 'tqdm': '4.65.0', 'numpy': '1.24.3', 'pandas': '1.5.3', 'jinja2': '3.1.2', 'scipy': '1.10.1', 'joblib': '1.2.0', 'sklearn': '1.2.2', 'pyod': '1.0.9', 'imblearn': '0.10.1', 'category_encoders': '2.6.1', 'lightgbm': '3.3.5', 'numba': '0.57.0', 'requests': '2.31.0', 'matplotlib': '3.7.1', 'scikitplot': '0.3.7', 'yellowbrick': '1.5', 'plotly': '5.15.0', 'kaleido': '0.2.1', 'statsmodels': '0.14.0', 'sktime': '0.19.1', 'tbats': '1.1.3', 'pmdarima': '2.0.3', 'psutil': '5.9.5'}, 'python': {'version': '3.11.3', 'machine': 'AMD64'}}
pickle: {'deps_info': {'pip': '23.1.2', 'setuptools': '67.7.2', 'pycaret': '3.0.2', 'IPython': '7.34.0', 'ipywidgets': '7.7.1', 'tqdm': '4.65.0', 'numpy': '1.22.4', 'pandas': '1.5.3', 'jinja2': '3.1.2', 'scipy': '1.10.1', 'joblib': '1.2.0', 'sklearn': '1.2.2', 'pyod': '1.0.9', 'imblearn': '0.10.1', 'category_encoders': '2.6.1', 'lightgbm': '3.3.5', 'numba': '0.56.4', 'requests': '2.27.1', 'matplotlib': '3.7.1', 'scikitplot': '0.3.7', 'yellowbrick': '1.5', 'plotly': '5.13.1', 'kaleido': '0.2.1', 'statsmodels': '0.13.5', 'sktime': '0.17.0', 'tbats': '1.1.3', 'pmdarima': '2.0.3', 'psutil': '5.9.5'}, 'python': {'version': '3.10.12', 'machine': 'x86_64'}}
  warnings.warn(

2023-06-15 23:33:03,819:INFO:Initializing load_model()
2023-06-15 23:33:03,833:INFO:load_model(model_name=insurance_model, platform=None, authentication=None, verbose=True)
2023-06-15 23:33:03,850:WARNING:C:\Users\chand\OneDrive\Desktop\Web app\venv\Lib\site-packages\pycaret\internal\pipeline.py:135: UserWarning: Version mismatch:
current: {'deps_info': {'pip': '22.3.1', 'setuptools': '65.5.1', 'pycaret': '3.0.0rc9', 'IPython': '8.14.0', 'ipywidgets': '8.0.6', 'tqdm': '4.65.0', 'numpy': '1.24.3', 'pandas': '1.5.3', 'jinja2': '3.1.2', 'scipy': '1.10.1', 'joblib': '1.2.0', 'sklearn': '1.2.2', 'pyod': '1.0.9', 'imblearn': '0.10.1', 'category_encoders': '2.6.1', 'lightgbm': '3.3.5', 'numba': '0.57.0', 'requests': '2.31.0', 'matplotlib': '3.7.1', 'scikitplot': '0.3.7', 'yellowbrick': '1.5', 'plotly': '5.15.0', 'kaleido': '0.2.1', 'statsmodels': '0.14.0', 'sktime': '0.19.1', 'tbats': '1.1.3', 'pmdarima': '2.0.3', 'psutil': '5.9.5'}, 'python': {'version': '3.11.3', 'machine': 'AMD64'}}
pickle: {'deps_info': {'pip': '23.1.2', 'setuptools': '67.7.2', 'pycaret': '3.0.2', 'IPython': '7.34.0', 'ipywidgets': '7.7.1', 'tqdm': '4.65.0', 'numpy': '1.22.4', 'pandas': '1.5.3', 'jinja2': '3.1.2', 'scipy': '1.10.1', 'joblib': '1.2.0', 'sklearn': '1.2.2', 'pyod': '1.0.9', 'imblearn': '0.10.1', 'category_encoders': '2.6.1', 'lightgbm': '3.3.5', 'numba': '0.56.4', 'requests': '2.27.1', 'matplotlib': '3.7.1', 'scikitplot': '0.3.7', 'yellowbrick': '1.5', 'plotly': '5.13.1', 'kaleido': '0.2.1', 'statsmodels': '0.13.5', 'sktime': '0.17.0', 'tbats': '1.1.3', 'pmdarima': '2.0.3', 'psutil': '5.9.5'}, 'python': {'version': '3.10.12', 'machine': 'x86_64'}}
  warnings.warn(

2023-06-15 23:33:08,547:INFO:Initializing load_model()
2023-06-15 23:33:08,547:INFO:load_model(model_name=insurance_model, platform=None, authentication=None, verbose=True)
2023-06-15 23:33:08,574:WARNING:C:\Users\chand\OneDrive\Desktop\Web app\venv\Lib\site-packages\pycaret\internal\pipeline.py:135: UserWarning: Version mismatch:
current: {'deps_info': {'pip': '22.3.1', 'setuptools': '65.5.1', 'pycaret': '3.0.0rc9', 'IPython': '8.14.0', 'ipywidgets': '8.0.6', 'tqdm': '4.65.0', 'numpy': '1.24.3', 'pandas': '1.5.3', 'jinja2': '3.1.2', 'scipy': '1.10.1', 'joblib': '1.2.0', 'sklearn': '1.2.2', 'pyod': '1.0.9', 'imblearn': '0.10.1', 'category_encoders': '2.6.1', 'lightgbm': '3.3.5', 'numba': '0.57.0', 'requests': '2.31.0', 'matplotlib': '3.7.1', 'scikitplot': '0.3.7', 'yellowbrick': '1.5', 'plotly': '5.15.0', 'kaleido': '0.2.1', 'statsmodels': '0.14.0', 'sktime': '0.19.1', 'tbats': '1.1.3', 'pmdarima': '2.0.3', 'psutil': '5.9.5'}, 'python': {'version': '3.11.3', 'machine': 'AMD64'}}
pickle: {'deps_info': {'pip': '23.1.2', 'setuptools': '67.7.2', 'pycaret': '3.0.2', 'IPython': '7.34.0', 'ipywidgets': '7.7.1', 'tqdm': '4.65.0', 'numpy': '1.22.4', 'pandas': '1.5.3', 'jinja2': '3.1.2', 'scipy': '1.10.1', 'joblib': '1.2.0', 'sklearn': '1.2.2', 'pyod': '1.0.9', 'imblearn': '0.10.1', 'category_encoders': '2.6.1', 'lightgbm': '3.3.5', 'numba': '0.56.4', 'requests': '2.27.1', 'matplotlib': '3.7.1', 'scikitplot': '0.3.7', 'yellowbrick': '1.5', 'plotly': '5.13.1', 'kaleido': '0.2.1', 'statsmodels': '0.13.5', 'sktime': '0.17.0', 'tbats': '1.1.3', 'pmdarima': '2.0.3', 'psutil': '5.9.5'}, 'python': {'version': '3.10.12', 'machine': 'x86_64'}}
  warnings.warn(

2023-06-15 23:33:12,684:INFO:Initializing load_model()
2023-06-15 23:33:12,684:INFO:load_model(model_name=insurance_model, platform=None, authentication=None, verbose=True)
2023-06-15 23:33:12,697:WARNING:C:\Users\chand\OneDrive\Desktop\Web app\venv\Lib\site-packages\pycaret\internal\pipeline.py:135: UserWarning: Version mismatch:
current: {'deps_info': {'pip': '22.3.1', 'setuptools': '65.5.1', 'pycaret': '3.0.0rc9', 'IPython': '8.14.0', 'ipywidgets': '8.0.6', 'tqdm': '4.65.0', 'numpy': '1.24.3', 'pandas': '1.5.3', 'jinja2': '3.1.2', 'scipy': '1.10.1', 'joblib': '1.2.0', 'sklearn': '1.2.2', 'pyod': '1.0.9', 'imblearn': '0.10.1', 'category_encoders': '2.6.1', 'lightgbm': '3.3.5', 'numba': '0.57.0', 'requests': '2.31.0', 'matplotlib': '3.7.1', 'scikitplot': '0.3.7', 'yellowbrick': '1.5', 'plotly': '5.15.0', 'kaleido': '0.2.1', 'statsmodels': '0.14.0', 'sktime': '0.19.1', 'tbats': '1.1.3', 'pmdarima': '2.0.3', 'psutil': '5.9.5'}, 'python': {'version': '3.11.3', 'machine': 'AMD64'}}
pickle: {'deps_info': {'pip': '23.1.2', 'setuptools': '67.7.2', 'pycaret': '3.0.2', 'IPython': '7.34.0', 'ipywidgets': '7.7.1', 'tqdm': '4.65.0', 'numpy': '1.22.4', 'pandas': '1.5.3', 'jinja2': '3.1.2', 'scipy': '1.10.1', 'joblib': '1.2.0', 'sklearn': '1.2.2', 'pyod': '1.0.9', 'imblearn': '0.10.1', 'category_encoders': '2.6.1', 'lightgbm': '3.3.5', 'numba': '0.56.4', 'requests': '2.27.1', 'matplotlib': '3.7.1', 'scikitplot': '0.3.7', 'yellowbrick': '1.5', 'plotly': '5.13.1', 'kaleido': '0.2.1', 'statsmodels': '0.13.5', 'sktime': '0.17.0', 'tbats': '1.1.3', 'pmdarima': '2.0.3', 'psutil': '5.9.5'}, 'python': {'version': '3.10.12', 'machine': 'x86_64'}}
  warnings.warn(

2023-06-15 23:33:13,923:INFO:Initializing load_model()
2023-06-15 23:33:13,923:INFO:load_model(model_name=insurance_model, platform=None, authentication=None, verbose=True)
2023-06-15 23:33:13,951:WARNING:C:\Users\chand\OneDrive\Desktop\Web app\venv\Lib\site-packages\pycaret\internal\pipeline.py:135: UserWarning: Version mismatch:
current: {'deps_info': {'pip': '22.3.1', 'setuptools': '65.5.1', 'pycaret': '3.0.0rc9', 'IPython': '8.14.0', 'ipywidgets': '8.0.6', 'tqdm': '4.65.0', 'numpy': '1.24.3', 'pandas': '1.5.3', 'jinja2': '3.1.2', 'scipy': '1.10.1', 'joblib': '1.2.0', 'sklearn': '1.2.2', 'pyod': '1.0.9', 'imblearn': '0.10.1', 'category_encoders': '2.6.1', 'lightgbm': '3.3.5', 'numba': '0.57.0', 'requests': '2.31.0', 'matplotlib': '3.7.1', 'scikitplot': '0.3.7', 'yellowbrick': '1.5', 'plotly': '5.15.0', 'kaleido': '0.2.1', 'statsmodels': '0.14.0', 'sktime': '0.19.1', 'tbats': '1.1.3', 'pmdarima': '2.0.3', 'psutil': '5.9.5'}, 'python': {'version': '3.11.3', 'machine': 'AMD64'}}
pickle: {'deps_info': {'pip': '23.1.2', 'setuptools': '67.7.2', 'pycaret': '3.0.2', 'IPython': '7.34.0', 'ipywidgets': '7.7.1', 'tqdm': '4.65.0', 'numpy': '1.22.4', 'pandas': '1.5.3', 'jinja2': '3.1.2', 'scipy': '1.10.1', 'joblib': '1.2.0', 'sklearn': '1.2.2', 'pyod': '1.0.9', 'imblearn': '0.10.1', 'category_encoders': '2.6.1', 'lightgbm': '3.3.5', 'numba': '0.56.4', 'requests': '2.27.1', 'matplotlib': '3.7.1', 'scikitplot': '0.3.7', 'yellowbrick': '1.5', 'plotly': '5.13.1', 'kaleido': '0.2.1', 'statsmodels': '0.13.5', 'sktime': '0.17.0', 'tbats': '1.1.3', 'pmdarima': '2.0.3', 'psutil': '5.9.5'}, 'python': {'version': '3.10.12', 'machine': 'x86_64'}}
  warnings.warn(

2023-06-15 23:33:14,061:INFO:Initializing predict_model()
2023-06-15 23:33:14,061:INFO:predict_model(self=<pycaret.regression.oop.RegressionExperiment object at 0x00000218763EA3D0>, estimator=Pipeline(memory=FastMemory(location=/tmp/joblib),
         steps=[('numerical_imputer',
                 TransformerWrapper(include=['age', 'bmi', 'children'],
                                    transformer=SimpleImputer())),
                ('categorical_imputer',
                 TransformerWrapper(include=['sex', 'smoker', 'region'],
                                    transformer=SimpleImputer(strategy='most_frequent'))),
                ('ordinal_encoding',
                 TransformerWrapper(include=['sex', 'smoker...
                ('polynomial_features',
                 TransformerWrapper(transformer=PolynomialFeatures(include_bias=False))),
                ('bin_numeric_features',
                 TransformerWrapper(include=['age', 'bmi'],
                                    transformer=KBinsDiscretizer(encode='ordinal',
                                                                 strategy='kmeans'))),
                ('normalize', TransformerWrapper(transformer=StandardScaler())),
                ('actual_estimator',
                 GradientBoostingRegressor(random_state=123))]), probability_threshold=None, encoded_labels=False, raw_score=False, round=4, verbose=True, ml_usecase=None, preprocess=True, replace_labels_in_column=<function _SupervisedExperiment.predict_model.<locals>.replace_labels_in_column at 0x00000218765CB9C0>)
2023-06-15 23:33:14,061:INFO:Checking exceptions
2023-06-15 23:33:14,061:INFO:Preloading libraries
2023-06-15 23:33:14,077:INFO:Set up data.
2023-06-15 23:33:14,077:INFO:Set up index.
